2024.08.19 12:13:46 INFO  Started: Metals version 1.3.5 in folders 'D:\University - acdemics\Year 2 - 1st Semester\SCS 2204 - Functional Programming\Practicals\Practical 09 answers' for client Visual Studio Code 1.92.2.
SLF4J(W): Class path contains multiple SLF4J providers.
SLF4J(W): Found provider [scribe.slf4j.ScribeServiceProvider@d24f194]
SLF4J(W): Found provider [ch.qos.logback.classic.spi.LogbackServiceProvider@662776ad]
SLF4J(W): See https://www.slf4j.org/codes.html#multiple_bindings for an explanation.
SLF4J(I): Actual provider is of type [scribe.slf4j.ScribeServiceProvider@d24f194]
2024.08.19 12:13:46 WARN  Flyway upgrade recommended: H2 2.3.230 is newer than this version of Flyway and support has not been tested. The latest supported version of H2 is 2.2.220.
2024.08.19 12:13:47 INFO  no build target found for D:\University - acdemics\Year 2 - 1st Semester\SCS 2204 - Functional Programming\Practicals\Practical 09 answers\9_1.scala. Using presentation compiler with project's scala-library version: 3.3.3
2024.08.19 12:13:50 INFO  Running List(C:\Users\Anuki Wanniarachchi\AppData\Local\Coursier\data\bin\scala-cli.BAT, setup-ide, D:\University - acdemics\Year 2 - 1st Semester\SCS 2204 - Functional Programming\Practicals\Practical 09 answers)
2024.08.19 12:13:50 INFO  Attempting to connect to the build server...
2024.08.19 12:13:50 INFO  Running BSP server List(C:\Users\Anuki Wanniarachchi\AppData\Local\Coursier\data\bin\.scala-cli.aux.exe, bsp, --json-options, D:\University - acdemics\Year 2 - 1st Semester\SCS 2204 - Functional Programming\Practicals\Practical 09 answers\.scala-build\ide-options-v2.json, --json-launcher-options, D:\University - acdemics\Year 2 - 1st Semester\SCS 2204 - Functional Programming\Practicals\Practical 09 answers\.scala-build\ide-launcher-options.json, --envs-file, D:\University - acdemics\Year 2 - 1st Semester\SCS 2204 - Functional Programming\Practicals\Practical 09 answers\.scala-build\ide-envs.json, D:\University - acdemics\Year 2 - 1st Semester\SCS 2204 - Functional Programming\Practicals\Practical 09 answers)
2024.08.19 12:13:50 INFO  tracing is disabled for protocol BSP, to enable tracing of incoming and outgoing JSON messages create an empty file at D:\University - acdemics\Year 2 - 1st Semester\SCS 2204 - Functional Programming\Practicals\Practical 09 answers\.metals\bsp.trace.json or C:\Users\Anuki Wanniarachchi\AppData\Local\scalameta\metals\cache\bsp.trace.json
2024.08.19 12:13:51 WARN  Could not find semantic tokens for: file:///D:/University%20-%20acdemics/Year%202%20-%201st%20Semester/SCS%202204%20-%20Functional%20Programming/Practicals/Practical%2009%20answers/9_1.scala
2024.08.19 12:13:52 INFO  BSP server: Starting compilation server
2024.08.19 12:13:59 INFO  time: Connected to build server in 8.74s
2024.08.19 12:13:59 INFO  Connected to Build server: scala-cli v1.3.2
2024.08.19 12:14:00 INFO  compiling practical 09 answers_f4dd477a3a (3 scala sources)
2024.08.19 12:14:02 INFO  time: Imported build in 3.46s
2024.08.19 12:14:02 INFO  running doctor check
2024.08.19 12:14:02 INFO  java targets: 
2024.08.19 12:14:04 WARN  Flyway upgrade recommended: H2 2.3.230 is newer than this version of Flyway and support has not been tested. The latest supported version of H2 is 2.2.220.
2024.08.19 12:14:04 INFO  time: indexed workspace in 2.35s
2024.08.19 12:14:05 WARN  no build target for: D:\University - acdemics\Year 2 - 1st Semester\SCS 2204 - Functional Programming\Practicals\Practical 09 answers\9_1.scala
2024.08.19 12:14:05 WARN  no build target for: D:\University - acdemics\Year 2 - 1st Semester\SCS 2204 - Functional Programming\Practicals\Practical 09 answers\9_2.scala
2024.08.19 12:14:04 WARN  no build target for: D:\University - acdemics\Year 2 - 1st Semester\SCS 2204 - Functional Programming\Practicals\Practical 09 answers\9_3.scala
2024.08.19 12:14:05 INFO  no build target found for D:\University - acdemics\Year 2 - 1st Semester\SCS 2204 - Functional Programming\Practicals\Practical 09 answers\9_1.scala. Using presentation compiler with project's scala-library version: 3.3.3
2024.08.19 12:14:05 INFO  no build target found for D:\University - acdemics\Year 2 - 1st Semester\SCS 2204 - Functional Programming\Practicals\Practical 09 answers\9_1.scala. Using presentation compiler with project's scala-library version: 3.3.3
2024.08.19 12:14:05 WARN  Could not find semantic tokens for: file:///D:/University%20-%20acdemics/Year%202%20-%201st%20Semester/SCS%202204%20-%20Functional%20Programming/Practicals/Practical%2009%20answers/9_1.scala
2024.08.19 12:14:05 INFO  no build target found for D:\University - acdemics\Year 2 - 1st Semester\SCS 2204 - Functional Programming\Practicals\Practical 09 answers\9_2.scala. Using presentation compiler with project's scala-library version: 3.3.3
2024.08.19 12:14:04 INFO  no build target found for D:\University - acdemics\Year 2 - 1st Semester\SCS 2204 - Functional Programming\Practicals\Practical 09 answers\9_3.scala. Using presentation compiler with project's scala-library version: 3.3.3
2024.08.19 12:21:59 INFO  no build target found for D:\University - acdemics\Year 2 - 1st Semester\SCS 2204 - Functional Programming\Practicals\Practical 09 answers\9_1.scala. Using presentation compiler with project's scala-library version: 3.3.3
2024.08.19 12:22:00 WARN  no build target for: D:\University - acdemics\Year 2 - 1st Semester\SCS 2204 - Functional Programming\Practicals\Practical 09 answers\9_1.scala
2024.08.19 12:22:00 INFO  no build target found for D:\University - acdemics\Year 2 - 1st Semester\SCS 2204 - Functional Programming\Practicals\Practical 09 answers\9_1.scala. Using presentation compiler with project's scala-library version: 3.3.3
2024.08.19 12:22:00 INFO  no build target found for D:\University - acdemics\Year 2 - 1st Semester\SCS 2204 - Functional Programming\Practicals\Practical 09 answers\9_1.scala. Using presentation compiler with project's scala-library version: 3.3.3
2024.08.19 12:22:48 INFO  no build target found for D:\University - acdemics\Year 2 - 1st Semester\SCS 2204 - Functional Programming\Practicals\Practical 09 answers\9_1.scala. Using presentation compiler with project's scala-library version: 3.3.3
2024.08.19 12:22:50 INFO  no build target found for D:\University - acdemics\Year 2 - 1st Semester\SCS 2204 - Functional Programming\Practicals\Practical 09 answers\9_1.scala. Using presentation compiler with project's scala-library version: 3.3.3
2024.08.19 12:22:50 INFO  no build target found for D:\University - acdemics\Year 2 - 1st Semester\SCS 2204 - Functional Programming\Practicals\Practical 09 answers\9_1.scala. Using presentation compiler with project's scala-library version: 3.3.3
2024.08.19 12:22:52 INFO  no build target found for D:\University - acdemics\Year 2 - 1st Semester\SCS 2204 - Functional Programming\Practicals\Practical 09 answers\9_1.scala. Using presentation compiler with project's scala-library version: 3.3.3
2024.08.19 12:22:53 INFO  no build target found for D:\University - acdemics\Year 2 - 1st Semester\SCS 2204 - Functional Programming\Practicals\Practical 09 answers\9_1.scala. Using presentation compiler with project's scala-library version: 3.3.3
2024.08.19 12:22:53 INFO  no build target found for D:\University - acdemics\Year 2 - 1st Semester\SCS 2204 - Functional Programming\Practicals\Practical 09 answers\9_1.scala. Using presentation compiler with project's scala-library version: 3.3.3
2024.08.19 12:22:54 INFO  no build target found for D:\University - acdemics\Year 2 - 1st Semester\SCS 2204 - Functional Programming\Practicals\Practical 09 answers\9_1.scala. Using presentation compiler with project's scala-library version: 3.3.3
2024.08.19 12:22:55 INFO  no build target found for D:\University - acdemics\Year 2 - 1st Semester\SCS 2204 - Functional Programming\Practicals\Practical 09 answers\9_1.scala. Using presentation compiler with project's scala-library version: 3.3.3
2024.08.19 12:22:56 INFO  no build target found for D:\University - acdemics\Year 2 - 1st Semester\SCS 2204 - Functional Programming\Practicals\Practical 09 answers\9_1.scala. Using presentation compiler with project's scala-library version: 3.3.3
2024.08.19 12:22:56 INFO  no build target found for D:\University - acdemics\Year 2 - 1st Semester\SCS 2204 - Functional Programming\Practicals\Practical 09 answers\9_1.scala. Using presentation compiler with project's scala-library version: 3.3.3
2024.08.19 12:22:56 INFO  no build target found for D:\University - acdemics\Year 2 - 1st Semester\SCS 2204 - Functional Programming\Practicals\Practical 09 answers\9_1.scala. Using presentation compiler with project's scala-library version: 3.3.3
2024.08.19 12:22:56 INFO  no build target found for D:\University - acdemics\Year 2 - 1st Semester\SCS 2204 - Functional Programming\Practicals\Practical 09 answers\9_1.scala. Using presentation compiler with project's scala-library version: 3.3.3
2024.08.19 12:22:57 INFO  no build target found for D:\University - acdemics\Year 2 - 1st Semester\SCS 2204 - Functional Programming\Practicals\Practical 09 answers\9_1.scala. Using presentation compiler with project's scala-library version: 3.3.3
2024.08.19 12:22:58 INFO  no build target found for D:\University - acdemics\Year 2 - 1st Semester\SCS 2204 - Functional Programming\Practicals\Practical 09 answers\9_1.scala. Using presentation compiler with project's scala-library version: 3.3.3
2024.08.19 12:22:59 INFO  no build target found for D:\University - acdemics\Year 2 - 1st Semester\SCS 2204 - Functional Programming\Practicals\Practical 09 answers\9_1.scala. Using presentation compiler with project's scala-library version: 3.3.3
2024.08.19 12:22:59 INFO  no build target found for D:\University - acdemics\Year 2 - 1st Semester\SCS 2204 - Functional Programming\Practicals\Practical 09 answers\9_1.scala. Using presentation compiler with project's scala-library version: 3.3.3
2024.08.19 12:22:59 INFO  no build target found for D:\University - acdemics\Year 2 - 1st Semester\SCS 2204 - Functional Programming\Practicals\Practical 09 answers\9_1.scala. Using presentation compiler with project's scala-library version: 3.3.3
2024.08.19 12:23:02 INFO  no build target found for D:\University - acdemics\Year 2 - 1st Semester\SCS 2204 - Functional Programming\Practicals\Practical 09 answers\9_1.scala. Using presentation compiler with project's scala-library version: 3.3.3
2024.08.19 12:23:02 WARN  no build target for: D:\University - acdemics\Year 2 - 1st Semester\SCS 2204 - Functional Programming\Practicals\Practical 09 answers\9_1.scala
2024.08.19 12:23:02 INFO  no build target found for D:\University - acdemics\Year 2 - 1st Semester\SCS 2204 - Functional Programming\Practicals\Practical 09 answers\9_1.scala. Using presentation compiler with project's scala-library version: 3.3.3
2024.08.19 12:23:33 INFO  no build target found for D:\University - acdemics\Year 2 - 1st Semester\SCS 2204 - Functional Programming\Practicals\Practical 09 answers\9_1.scala. Using presentation compiler with project's scala-library version: 3.3.3
2024.08.19 12:23:33 INFO  no build target found for D:\University - acdemics\Year 2 - 1st Semester\SCS 2204 - Functional Programming\Practicals\Practical 09 answers\9_1.scala. Using presentation compiler with project's scala-library version: 3.3.3
2024.08.19 12:23:33 INFO  no build target found for D:\University - acdemics\Year 2 - 1st Semester\SCS 2204 - Functional Programming\Practicals\Practical 09 answers\9_1.scala. Using presentation compiler with project's scala-library version: 3.3.3
2024.08.19 12:23:36 INFO  no build target found for D:\University - acdemics\Year 2 - 1st Semester\SCS 2204 - Functional Programming\Practicals\Practical 09 answers\9_1.scala. Using presentation compiler with project's scala-library version: 3.3.3
2024.08.19 12:23:36 INFO  no build target found for D:\University - acdemics\Year 2 - 1st Semester\SCS 2204 - Functional Programming\Practicals\Practical 09 answers\9_1.scala. Using presentation compiler with project's scala-library version: 3.3.3
2024.08.19 12:23:37 WARN  no build target for: D:\University - acdemics\Year 2 - 1st Semester\SCS 2204 - Functional Programming\Practicals\Practical 09 answers\9_1.scala
2024.08.19 12:23:37 INFO  no build target found for D:\University - acdemics\Year 2 - 1st Semester\SCS 2204 - Functional Programming\Practicals\Practical 09 answers\9_1.scala. Using presentation compiler with project's scala-library version: 3.3.3
2024.08.19 12:23:37 INFO  no build target found for D:\University - acdemics\Year 2 - 1st Semester\SCS 2204 - Functional Programming\Practicals\Practical 09 answers\9_1.scala. Using presentation compiler with project's scala-library version: 3.3.3
2024.08.19 12:24:47 INFO  no build target found for D:\University - acdemics\Year 2 - 1st Semester\SCS 2204 - Functional Programming\Practicals\Practical 09 answers\9_1.scala. Using presentation compiler with project's scala-library version: 3.3.3
2024.08.19 12:24:51 INFO  Shutting down server
2024.08.19 12:24:51 INFO  shutting down Metals
2024.08.19 12:24:51 INFO  Shut down connection with build server.
2024.08.19 12:24:51 INFO  Exiting server
